Using pre-set license
Built from '2020.3/staging' branch; Version is '2020.3.3f1 (76626098c1c4) revision 7758432'; Using compiler version '192528614'; Build Type 'Release'
OS: 'Windows 10 Home; OS build 19042.1288; Version 2009; 64bit' Language: 'ko' Physical Memory: 16060 MB
BatchMode: 1, IsHumanControllingUs: 0, StartBugReporterOnCrash: 0, Is64bit: 1, IsPro: 0

 COMMAND LINE ARGUMENTS:
C:\Program Files\Unity\Hub\Editor\2020.3.3f1\Editor\Unity.exe
-adb2
-batchMode
-noUpm
-name
AssetImportWorker0
-projectPath
C:/Users/hwang/OneDrive/문서/GitHub/UnityProject/protein
-logFile
Logs/AssetImportWorker0.log
-srvPort
64381
Successfully changed project path to: C:/Users/hwang/OneDrive/문서/GitHub/UnityProject/protein
C:/Users/hwang/OneDrive/문서/GitHub/UnityProject/protein
Using Asset Import Pipeline V2.
Refreshing native plugins compatible for Editor in 53.00 ms, found 0 plugins.
Preloading 0 native plugins for Editor in 0.00 ms.
Initialize engine version: 2020.3.3f1 (76626098c1c4)
[Subsystems] Discovering subsystems at path C:/Program Files/Unity/Hub/Editor/2020.3.3f1/Editor/Data/Resources/UnitySubsystems
[Subsystems] Discovering subsystems at path C:/Users/hwang/OneDrive/문서/GitHub/UnityProject/protein/Assets
GfxDevice: creating device client; threaded=0
Direct3D:
    Version:  Direct3D 11.0 [level 11.1]
    Renderer: NVIDIA GeForce MX450 (ID=0x1f97)
    Vendor:   
    VRAM:     1928 MB
    Driver:   30.0.14.7111
Initialize mono
Mono path[0] = 'C:/Program Files/Unity/Hub/Editor/2020.3.3f1/Editor/Data/Managed'
Mono path[1] = 'C:/Program Files/Unity/Hub/Editor/2020.3.3f1/Editor/Data/MonoBleedingEdge/lib/mono/unityjit'
Mono config path = 'C:/Program Files/Unity/Hub/Editor/2020.3.3f1/Editor/Data/MonoBleedingEdge/etc'
Using monoOptions --debugger-agent=transport=dt_socket,embedding=1,server=y,suspend=n,address=127.0.0.1:56480
Begin MonoManager ReloadAssembly
Registering precompiled unity dll's ...
Register platform support module: C:/Program Files/Unity/Hub/Editor/2020.3.3f1/Editor/Data/PlaybackEngines/WindowsStandaloneSupport/UnityEditor.WindowsStandalone.Extensions.dll
Registered in 0.005207 seconds.
Native extension for WindowsStandalone target not found
Refreshing native plugins compatible for Editor in 64.34 ms, found 0 plugins.
Preloading 0 native plugins for Editor in 0.00 ms.
Invoked RoslynAnalysisRunner static constructor.
RoslynAnalysisRunner will not be running.
RoslynAnalysisRunner has terminated.
Mono: successfully reloaded assembly
- Completed reload, in  4.219 seconds
Platform modules already initialized, skipping
Registering precompiled user dll's ...
Registered in 0.001282 seconds.
Begin MonoManager ReloadAssembly
Native extension for WindowsStandalone target not found
Refreshing native plugins compatible for Editor in 1.43 ms, found 0 plugins.
Preloading 0 native plugins for Editor in 0.00 ms.
Invoked RoslynAnalysisRunner static constructor.
RoslynAnalysisRunner will not be running.
RoslynAnalysisRunner has terminated.
Mono: successfully reloaded assembly
- Completed reload, in  1.501 seconds
Platform modules already initialized, skipping
========================================================================
Worker process is ready to serve import requests
Launched and connected shader compiler UnityShaderCompiler.exe after 0.05 seconds
Refreshing native plugins compatible for Editor in 0.28 ms, found 0 plugins.
Preloading 0 native plugins for Editor in 0.00 ms.
Unloading 1116 Unused Serialized files (Serialized files now loaded: 0)
System memory in use before: 62.5 MB.
System memory in use after: 62.6 MB.

Unloading 10 unused Assets to reduce memory usage. Loaded Objects now: 1566.
Total: 2.795300 ms (FindLiveObjects: 0.243600 ms CreateObjectMapping: 0.252600 ms MarkObjects: 2.178600 ms  DeleteObjects: 0.119000 ms)

========================================================================
Received Import Request.
  path: Assets/Scenes/SampleScene.unity
  artifactKey: Guid(9fc0d4010bbf28b4594072e72b8655ab) Importer(815301076,1909f56bfc062723c751e8b465ee728b)
Start importing Assets/Scenes/SampleScene.unity using Guid(9fc0d4010bbf28b4594072e72b8655ab) Importer(815301076,1909f56bfc062723c751e8b465ee728b)  -> (artifact id: '93eb97af0c0f34dd178f14c3bd5c4a67') in 0.019763 seconds
  Import took 0.022352 seconds .

========================================================================
Received Import Request.
  Time since last request: 4.345087 seconds.
  path: Assets/Prefabs/City 1.prefab
  artifactKey: Guid(188f413edf0b5e64c9b5d30fbe36b610) Importer(815301076,1909f56bfc062723c751e8b465ee728b)
Start importing Assets/Prefabs/City 1.prefab using Guid(188f413edf0b5e64c9b5d30fbe36b610) Importer(815301076,1909f56bfc062723c751e8b465ee728b)  -> (artifact id: '71696ae87c765404436cd457557ee679') in 0.772420 seconds
  Import took 0.807689 seconds .

========================================================================
Received Import Request.
  Time since last request: 0.000522 seconds.
  path: Assets/Prefabs/City.prefab
  artifactKey: Guid(872319d18eaf27448a7f8b8216e43002) Importer(815301076,1909f56bfc062723c751e8b465ee728b)
Start importing Assets/Prefabs/City.prefab using Guid(872319d18eaf27448a7f8b8216e43002) Importer(815301076,1909f56bfc062723c751e8b465ee728b)  -> (artifact id: '796818bc9b6c0d556323a7d6e6292118') in 0.503184 seconds
  Import took 0.536098 seconds .

========================================================================
Received Import Request.
  Time since last request: 0.000632 seconds.
  path: Assets/Prefabs/City(Last).prefab
  artifactKey: Guid(dd98ed29863171f4696268fe1e707305) Importer(815301076,1909f56bfc062723c751e8b465ee728b)
Start importing Assets/Prefabs/City(Last).prefab using Guid(dd98ed29863171f4696268fe1e707305) Importer(815301076,1909f56bfc062723c751e8b465ee728b)  -> (artifact id: '467d8bacb31ffb8cce80ed26f76e7c21') in 0.439242 seconds
  Import took 0.471750 seconds .

AssetImportWorkerClient::OnTransportError - code=2 error=End of file
